Success (11):
datatype 2772 {urn:com:appian:types:TMS}TMS_State "{urn:com:appian:types:TMS}TMS_State"
dataStore 5636 _a-0000e21d-e06a-8000-7d53-01ef9001ef90_32184 "TMS DataStore"
content 5637 _a-0000e21d-e06a-8000-7d53-01ef9001ef90_32205 "Folder TMS Rules and constants"
content 5638 _a-0000e21d-e06a-8000-7d53-01ef9001ef90_32210 "TMS_DS_STATE"
content 5641 _a-0000e21d-e06a-8000-7d53-01ef9001ef90_32216 "TMS_qeGetStateDetails"
content 5643 _a-0000e21d-e06a-8000-7d53-01ef9001ef90_32222 "TMS_uiSectionStateGrid"
content 5652 _a-0000e21d-e06a-8000-7d53-01ef9001ef90_32304 "TMS_Test"
processModelFolder 5 _g-0000e21d-e06a-8000-7d4f-014d98014d98_16 "Folder TMS PM"
processModel 440 0002e22b-0439-8000-7d4f-014d98014d98 "TMS State PM"
application 5616 _a-0000e21d-e06a-8000-7d53-01ef9001ef90_32066 "TMS Application"
site 2 3e063723-fc4a-47c0-ac90-75933c7e43ec "TMS_Site"

Trace:
2019-02-21 05:52:25.845 DEBUG application 5616 _a-0000e21d-e06a-8000-7d53-01ef9001ef90_32066 Begin transport.
2019-02-21 05:52:25.845 DEBUG application 5616 _a-0000e21d-e06a-8000-7d53-01ef9001ef90_32066 Retrieving object data.
2019-02-21 05:52:25.85 DEBUG application 5616 _a-0000e21d-e06a-8000-7d53-01ef9001ef90_32066 App associated objects: [datatype=[{urn:com:appian:types:TMS}TMS_State],dataStore=[_a-0000e21d-e06a-8000-7d53-01ef9001ef90_32184],content=[_a-0000e21d-e06a-8000-7d53-01ef9001ef90_32205, _a-0000e21d-e06a-8000-7d53-01ef9001ef90_32210, _a-0000e21d-e06a-8000-7d53-01ef9001ef90_32216, _a-0000e21d-e06a-8000-7d53-01ef9001ef90_32222, _a-0000e21d-e06a-8000-7d53-01ef9001ef90_32304],processModelFolder=[_g-0000e21d-e06a-8000-7d4f-014d98014d98_16],processModel=[0002e22b-0439-8000-7d4f-014d98014d98],site=[3e063723-fc4a-47c0-ac90-75933c7e43ec]]
2019-02-21 05:52:25.859 DEBUG application 5616 _a-0000e21d-e06a-8000-7d53-01ef9001ef90_32066 Invalid associated objects: []
2019-02-21 05:52:25.859 DEBUG application 5616 _a-0000e21d-e06a-8000-7d53-01ef9001ef90_32066 Adding valid associated objects to be exported: GlobalBindingMap[datatype={{urn:com:appian:types:TMS}TMS_State=2772},dataStore={_a-0000e21d-e06a-8000-7d53-01ef9001ef90_32184=5636},content={_a-0000e21d-e06a-8000-7d53-01ef9001ef90_32205=5637, _a-0000e21d-e06a-8000-7d53-01ef9001ef90_32210=5638, _a-0000e21d-e06a-8000-7d53-01ef9001ef90_32216=5641, _a-0000e21d-e06a-8000-7d53-01ef9001ef90_32222=5643, _a-0000e21d-e06a-8000-7d53-01ef9001ef90_32304=5652},processModelFolder={_g-0000e21d-e06a-8000-7d4f-014d98014d98_16=5},processModel={0002e22b-0439-8000-7d4f-014d98014d98=440},site={3e063723-fc4a-47c0-ac90-75933c7e43ec=2}]
2019-02-21 05:52:25.859 DEBUG application 5616 _a-0000e21d-e06a-8000-7d53-01ef9001ef90_32066 Setting uuids of object references.
2019-02-21 05:52:25.859 DEBUG application 5616 _a-0000e21d-e06a-8000-7d53-01ef9001ef90_32066 Processing reference: Application.forum
2019-02-21 05:52:25.86 DEBUG application 5616 _a-0000e21d-e06a-8000-7d53-01ef9001ef90_32066 Processing reference: Application.parent
2019-02-21 05:52:25.863 DEBUG application 5616 _a-0000e21d-e06a-8000-7d53-01ef9001ef90_32066 Processing reference: com.appiancorp.suiteapi.content.ContentRoleMap@57251800[
  ContentRole[name=readers,inherit=false,allowForAll=false]
  ContentRole[name=authors,inherit=false,allowForAll=false]
  ContentRole[name=administrators,inherit=false,allowForAll=false]
  ContentRole[name=denyReaders,inherit=false,allowForAll=false]
  ContentRole[name=denyAuthors,inherit=false,allowForAll=false]
  ContentRole[name=denyAdministrators,inherit=false,allowForAll=false]
  securityVector=1:SEC_PUBLIC=true,SEC_CREATOR_ADMIN=false,SEC_INH_ADMIN=false,SEC_INH_EDITOR=false,SEC_INH_VIEWER=false,SEC_ALL_ADMIN=false,SEC_ALL_EDITOR=false,SEC_ALL_VIEWER=false
]
2019-02-21 05:52:25.863 DEBUG application 5616 _a-0000e21d-e06a-8000-7d53-01ef9001ef90_32066 Processing reference: ContentRole[name=readers,inherit=false,allowForAll=false]
2019-02-21 05:52:25.863 DEBUG application 5616 _a-0000e21d-e06a-8000-7d53-01ef9001ef90_32066 Processing reference: ContentRole[name=authors,inherit=false,allowForAll=false]
2019-02-21 05:52:25.863 DEBUG application 5616 _a-0000e21d-e06a-8000-7d53-01ef9001ef90_32066 Processing reference: ContentRole[name=administrators,inherit=false,allowForAll=false]
2019-02-21 05:52:25.863 DEBUG application 5616 _a-0000e21d-e06a-8000-7d53-01ef9001ef90_32066 Processing reference: ContentRole[name=denyReaders,inherit=false,allowForAll=false]
2019-02-21 05:52:25.863 DEBUG application 5616 _a-0000e21d-e06a-8000-7d53-01ef9001ef90_32066 Processing reference: ContentRole[name=denyAuthors,inherit=false,allowForAll=false]
2019-02-21 05:52:25.863 DEBUG application 5616 _a-0000e21d-e06a-8000-7d53-01ef9001ef90_32066 Processing reference: ContentRole[name=denyAdministrators,inherit=false,allowForAll=false]
2019-02-21 05:52:25.863 DEBUG datatype 2772 {urn:com:appian:types:TMS}TMS_State Begin transport.
2019-02-21 05:52:25.863 DEBUG datatype 2772 {urn:com:appian:types:TMS}TMS_State Retrieving object data.
2019-02-21 05:52:25.88 DEBUG datatype 2772 {urn:com:appian:types:TMS}TMS_State Setting uuids of object references.
2019-02-21 05:52:25.88 DEBUG datatype 2772 {urn:com:appian:types:TMS}TMS_State Completing produce.
2019-02-21 05:52:25.88 DEBUG datatype 2772 {urn:com:appian:types:TMS}TMS_State Exporting binary resources.
2019-02-21 05:52:25.88 DEBUG datatype 2772 {urn:com:appian:types:TMS}TMS_State Serializing object to XML.
2019-02-21 05:52:25.881 DEBUG datatype 2772 {urn:com:appian:types:TMS}TMS_State Object transported.
2019-02-21 05:52:25.886 DEBUG dataStore 5636 _a-0000e21d-e06a-8000-7d53-01ef9001ef90_32184 Begin transport.
2019-02-21 05:52:25.886 DEBUG dataStore 5636 _a-0000e21d-e06a-8000-7d53-01ef9001ef90_32184 Retrieving object data.
2019-02-21 05:52:25.889 DEBUG dataStore 5636 _a-0000e21d-e06a-8000-7d53-01ef9001ef90_32184 Setting uuids of object references.
2019-02-21 05:52:25.89 DEBUG dataStore 5636 _a-0000e21d-e06a-8000-7d53-01ef9001ef90_32184 Processing reference: datatypeRef[id=2772]
2019-02-21 05:52:25.89 DEBUG dataStore 5636 _a-0000e21d-e06a-8000-7d53-01ef9001ef90_32184 Processing reference: ContentRole[name=administrators,inherit=false,allowForAll=false]
2019-02-21 05:52:25.89 DEBUG dataStore 5636 _a-0000e21d-e06a-8000-7d53-01ef9001ef90_32184 Processing reference: ContentRole[name=authors,inherit=false,allowForAll=false]
2019-02-21 05:52:25.89 DEBUG dataStore 5636 _a-0000e21d-e06a-8000-7d53-01ef9001ef90_32184 Processing reference: ContentRole[name=denyAdministrators,inherit=false,allowForAll=false]
2019-02-21 05:52:25.89 DEBUG dataStore 5636 _a-0000e21d-e06a-8000-7d53-01ef9001ef90_32184 Processing reference: ContentRole[name=denyAuthors,inherit=false,allowForAll=false]
2019-02-21 05:52:25.89 DEBUG dataStore 5636 _a-0000e21d-e06a-8000-7d53-01ef9001ef90_32184 Processing reference: ContentRole[name=denyReaders,inherit=false,allowForAll=false]
2019-02-21 05:52:25.89 DEBUG dataStore 5636 _a-0000e21d-e06a-8000-7d53-01ef9001ef90_32184 Processing reference: ContentRole[name=readers,inherit=false,allowForAll=false]
2019-02-21 05:52:25.89 DEBUG dataStore 5636 _a-0000e21d-e06a-8000-7d53-01ef9001ef90_32184 Completing produce.
2019-02-21 05:52:25.89 DEBUG dataStore 5636 _a-0000e21d-e06a-8000-7d53-01ef9001ef90_32184 Exporting binary resources.
2019-02-21 05:52:25.89 DEBUG dataStore 5636 _a-0000e21d-e06a-8000-7d53-01ef9001ef90_32184 Serializing object to XML.
2019-02-21 05:52:25.89 DEBUG dataStore 5636 _a-0000e21d-e06a-8000-7d53-01ef9001ef90_32184 Object transported.
2019-02-21 05:52:25.892 DEBUG content 5637 _a-0000e21d-e06a-8000-7d53-01ef9001ef90_32205 Begin transport.
2019-02-21 05:52:25.892 DEBUG content 5637 _a-0000e21d-e06a-8000-7d53-01ef9001ef90_32205 Retrieving object data.
2019-02-21 05:52:25.898 DEBUG content 5637 _a-0000e21d-e06a-8000-7d53-01ef9001ef90_32205 Setting uuids of object references.
2019-02-21 05:52:25.899 DEBUG content 5637 _a-0000e21d-e06a-8000-7d53-01ef9001ef90_32205 Processing reference: RulesFolder.forum
2019-02-21 05:52:25.899 DEBUG content 5637 _a-0000e21d-e06a-8000-7d53-01ef9001ef90_32205 Processing reference: RulesFolder.parent
2019-02-21 05:52:25.901 DEBUG content 5637 _a-0000e21d-e06a-8000-7d53-01ef9001ef90_32205 Processing reference: com.appiancorp.suiteapi.content.ContentRoleMap@6fe8e644[
  ContentRole[name=readers,inherit=false,allowForAll=false]
  ContentRole[name=authors,inherit=false,allowForAll=false]
  ContentRole[name=administrators,inherit=false,allowForAll=false]
  ContentRole[name=denyReaders,inherit=false,allowForAll=false]
  ContentRole[name=denyAuthors,inherit=false,allowForAll=false]
  ContentRole[name=denyAdministrators,inherit=false,allowForAll=false]
  securityVector=1:SEC_PUBLIC=true,SEC_CREATOR_ADMIN=false,SEC_INH_ADMIN=false,SEC_INH_EDITOR=false,SEC_INH_VIEWER=false,SEC_ALL_ADMIN=false,SEC_ALL_EDITOR=false,SEC_ALL_VIEWER=false
]
2019-02-21 05:52:25.901 DEBUG content 5637 _a-0000e21d-e06a-8000-7d53-01ef9001ef90_32205 Processing reference: ContentRole[name=readers,inherit=false,allowForAll=false]
2019-02-21 05:52:25.901 DEBUG content 5637 _a-0000e21d-e06a-8000-7d53-01ef9001ef90_32205 Processing reference: ContentRole[name=authors,inherit=false,allowForAll=false]
2019-02-21 05:52:25.901 DEBUG content 5637 _a-0000e21d-e06a-8000-7d53-01ef9001ef90_32205 Processing reference: ContentRole[name=administrators,inherit=false,allowForAll=false]
2019-02-21 05:52:25.901 DEBUG content 5637 _a-0000e21d-e06a-8000-7d53-01ef9001ef90_32205 Processing reference: ContentRole[name=denyReaders,inherit=false,allowForAll=false]
2019-02-21 05:52:25.901 DEBUG content 5637 _a-0000e21d-e06a-8000-7d53-01ef9001ef90_32205 Processing reference: ContentRole[name=denyAuthors,inherit=false,allowForAll=false]
2019-02-21 05:52:25.901 DEBUG content 5637 _a-0000e21d-e06a-8000-7d53-01ef9001ef90_32205 Processing reference: ContentRole[name=denyAdministrators,inherit=false,allowForAll=false]
2019-02-21 05:52:25.901 DEBUG content 5637 _a-0000e21d-e06a-8000-7d53-01ef9001ef90_32205 Completing produce.
2019-02-21 05:52:25.901 DEBUG content 5637 _a-0000e21d-e06a-8000-7d53-01ef9001ef90_32205 Exporting binary resources.
2019-02-21 05:52:25.901 DEBUG content 5637 _a-0000e21d-e06a-8000-7d53-01ef9001ef90_32205 Serializing object to XML.
2019-02-21 05:52:25.903 DEBUG content 5637 _a-0000e21d-e06a-8000-7d53-01ef9001ef90_32205 Object transported.
2019-02-21 05:52:25.903 DEBUG content 5638 _a-0000e21d-e06a-8000-7d53-01ef9001ef90_32210 Begin transport.
2019-02-21 05:52:25.903 DEBUG content 5638 _a-0000e21d-e06a-8000-7d53-01ef9001ef90_32210 Retrieving object data.
2019-02-21 05:52:25.909 DEBUG content 5638 _a-0000e21d-e06a-8000-7d53-01ef9001ef90_32210 Setting uuids of object references.
2019-02-21 05:52:25.909 DEBUG content 5638 _a-0000e21d-e06a-8000-7d53-01ef9001ef90_32210 Processing reference: [Content:id=5638,versionId=-1,name=TMS_DS_STATE,type=32,subtype=0,uuid=_a-0000e21d-e06a-8000-7d53-01ef9001ef90_32210,parent=5637]
2019-02-21 05:52:25.911 DEBUG content 5638 _a-0000e21d-e06a-8000-7d53-01ef9001ef90_32210 Processing reference: Constant.forum
2019-02-21 05:52:25.911 DEBUG content 5638 _a-0000e21d-e06a-8000-7d53-01ef9001ef90_32210 Processing reference: Constant.parent
2019-02-21 05:52:25.914 DEBUG content 5638 _a-0000e21d-e06a-8000-7d53-01ef9001ef90_32210 Processing reference: com.appiancorp.suiteapi.content.ContentRoleMap@cb56bd3[
  ContentRole[name=readers,inherit=true,allowForAll=false]
  ContentRole[name=authors,inherit=true,allowForAll=false]
  ContentRole[name=administrators,inherit=true,allowForAll=false]
  ContentRole[name=denyReaders,inherit=false,allowForAll=false]
  ContentRole[name=denyAuthors,inherit=false,allowForAll=false]
  ContentRole[name=denyAdministrators,inherit=false,allowForAll=false]
  securityVector=15:SEC_PUBLIC=true,SEC_CREATOR_ADMIN=false,SEC_INH_ADMIN=true,SEC_INH_EDITOR=true,SEC_INH_VIEWER=true,SEC_ALL_ADMIN=false,SEC_ALL_EDITOR=false,SEC_ALL_VIEWER=false
]
2019-02-21 05:52:25.914 DEBUG content 5638 _a-0000e21d-e06a-8000-7d53-01ef9001ef90_32210 Processing reference: ContentRole[name=readers,inherit=true,allowForAll=false]
2019-02-21 05:52:25.914 DEBUG content 5638 _a-0000e21d-e06a-8000-7d53-01ef9001ef90_32210 Processing reference: ContentRole[name=authors,inherit=true,allowForAll=false]
2019-02-21 05:52:25.914 DEBUG content 5638 _a-0000e21d-e06a-8000-7d53-01ef9001ef90_32210 Processing reference: ContentRole[name=administrators,inherit=true,allowForAll=false]
2019-02-21 05:52:25.914 DEBUG content 5638 _a-0000e21d-e06a-8000-7d53-01ef9001ef90_32210 Processing reference: ContentRole[name=denyReaders,inherit=false,allowForAll=false]
2019-02-21 05:52:25.914 DEBUG content 5638 _a-0000e21d-e06a-8000-7d53-01ef9001ef90_32210 Processing reference: ContentRole[name=denyAuthors,inherit=false,allowForAll=false]
2019-02-21 05:52:25.914 DEBUG content 5638 _a-0000e21d-e06a-8000-7d53-01ef9001ef90_32210 Processing reference: ContentRole[name=denyAdministrators,inherit=false,allowForAll=false]
2019-02-21 05:52:25.914 DEBUG content 5638 _a-0000e21d-e06a-8000-7d53-01ef9001ef90_32210 Completing produce.
2019-02-21 05:52:25.914 DEBUG content 5638 _a-0000e21d-e06a-8000-7d53-01ef9001ef90_32210 Exporting binary resources.
2019-02-21 05:52:25.914 DEBUG content 5638 _a-0000e21d-e06a-8000-7d53-01ef9001ef90_32210 Serializing object to XML.
2019-02-21 05:52:25.916 DEBUG content 5638 _a-0000e21d-e06a-8000-7d53-01ef9001ef90_32210 Object transported.
2019-02-21 05:52:25.916 DEBUG content 5641 _a-0000e21d-e06a-8000-7d53-01ef9001ef90_32216 Begin transport.
2019-02-21 05:52:25.916 DEBUG content 5641 _a-0000e21d-e06a-8000-7d53-01ef9001ef90_32216 Retrieving object data.
2019-02-21 05:52:25.923 DEBUG content 5641 _a-0000e21d-e06a-8000-7d53-01ef9001ef90_32216 Setting uuids of object references.
2019-02-21 05:52:25.923 DEBUG content 5641 _a-0000e21d-e06a-8000-7d53-01ef9001ef90_32216 Processing reference: [Content:id=5639,versionId=-1,name=TMS_qeGetStateDetails,type=32,subtype=1,uuid=_a-0000e21d-e06a-8000-7d53-01ef9001ef90_32216,parent=5637]
2019-02-21 05:52:25.928 DEBUG content 5641 _a-0000e21d-e06a-8000-7d53-01ef9001ef90_32216 Processing reference: FreeformRule.forum
2019-02-21 05:52:25.929 DEBUG content 5641 _a-0000e21d-e06a-8000-7d53-01ef9001ef90_32216 Processing reference: FreeformRule.parent
2019-02-21 05:52:25.931 DEBUG content 5641 _a-0000e21d-e06a-8000-7d53-01ef9001ef90_32216 Processing reference: com.appiancorp.suiteapi.content.ContentRoleMap@6a95fc90[
  ContentRole[name=readers,inherit=true,allowForAll=false]
  ContentRole[name=authors,inherit=true,allowForAll=false]
  ContentRole[name=administrators,inherit=true,allowForAll=false]
  ContentRole[name=denyReaders,inherit=false,allowForAll=false]
  ContentRole[name=denyAuthors,inherit=false,allowForAll=false]
  ContentRole[name=denyAdministrators,inherit=false,allowForAll=false]
  securityVector=15:SEC_PUBLIC=true,SEC_CREATOR_ADMIN=false,SEC_INH_ADMIN=true,SEC_INH_EDITOR=true,SEC_INH_VIEWER=true,SEC_ALL_ADMIN=false,SEC_ALL_EDITOR=false,SEC_ALL_VIEWER=false
]
2019-02-21 05:52:25.931 DEBUG content 5641 _a-0000e21d-e06a-8000-7d53-01ef9001ef90_32216 Processing reference: ContentRole[name=readers,inherit=true,allowForAll=false]
2019-02-21 05:52:25.931 DEBUG content 5641 _a-0000e21d-e06a-8000-7d53-01ef9001ef90_32216 Processing reference: ContentRole[name=authors,inherit=true,allowForAll=false]
2019-02-21 05:52:25.931 DEBUG content 5641 _a-0000e21d-e06a-8000-7d53-01ef9001ef90_32216 Processing reference: ContentRole[name=administrators,inherit=true,allowForAll=false]
2019-02-21 05:52:25.931 DEBUG content 5641 _a-0000e21d-e06a-8000-7d53-01ef9001ef90_32216 Processing reference: ContentRole[name=denyReaders,inherit=false,allowForAll=false]
2019-02-21 05:52:25.931 DEBUG content 5641 _a-0000e21d-e06a-8000-7d53-01ef9001ef90_32216 Processing reference: ContentRole[name=denyAuthors,inherit=false,allowForAll=false]
2019-02-21 05:52:25.931 DEBUG content 5641 _a-0000e21d-e06a-8000-7d53-01ef9001ef90_32216 Processing reference: ContentRole[name=denyAdministrators,inherit=false,allowForAll=false]
2019-02-21 05:52:25.931 DEBUG content 5641 _a-0000e21d-e06a-8000-7d53-01ef9001ef90_32216 Completing produce.
2019-02-21 05:52:25.931 DEBUG content 5641 _a-0000e21d-e06a-8000-7d53-01ef9001ef90_32216 Exporting binary resources.
2019-02-21 05:52:25.931 DEBUG content 5641 _a-0000e21d-e06a-8000-7d53-01ef9001ef90_32216 Serializing object to XML.
2019-02-21 05:52:25.931 DEBUG content 5641 _a-0000e21d-e06a-8000-7d53-01ef9001ef90_32216 Object transported.
2019-02-21 05:52:25.931 DEBUG content 5643 _a-0000e21d-e06a-8000-7d53-01ef9001ef90_32222 Begin transport.
2019-02-21 05:52:25.931 DEBUG content 5643 _a-0000e21d-e06a-8000-7d53-01ef9001ef90_32222 Retrieving object data.
2019-02-21 05:52:25.938 DEBUG content 5643 _a-0000e21d-e06a-8000-7d53-01ef9001ef90_32222 Setting uuids of object references.
2019-02-21 05:52:25.938 DEBUG content 5643 _a-0000e21d-e06a-8000-7d53-01ef9001ef90_32222 Processing reference: [Content:id=5640,versionId=-1,name=TMS_uiSectionStateGrid,type=32,subtype=1,uuid=_a-0000e21d-e06a-8000-7d53-01ef9001ef90_32222,parent=5637]
2019-02-21 05:52:25.944 DEBUG content 5643 _a-0000e21d-e06a-8000-7d53-01ef9001ef90_32222 Processing reference: FreeformRule.forum
2019-02-21 05:52:25.945 DEBUG content 5643 _a-0000e21d-e06a-8000-7d53-01ef9001ef90_32222 Processing reference: FreeformRule.parent
2019-02-21 05:52:25.947 DEBUG content 5643 _a-0000e21d-e06a-8000-7d53-01ef9001ef90_32222 Processing reference: com.appiancorp.suiteapi.content.ContentRoleMap@7df1b402[
  ContentRole[name=readers,inherit=true,allowForAll=false]
  ContentRole[name=authors,inherit=true,allowForAll=false]
  ContentRole[name=administrators,inherit=true,allowForAll=false]
  ContentRole[name=denyReaders,inherit=false,allowForAll=false]
  ContentRole[name=denyAuthors,inherit=false,allowForAll=false]
  ContentRole[name=denyAdministrators,inherit=false,allowForAll=false]
  securityVector=15:SEC_PUBLIC=true,SEC_CREATOR_ADMIN=false,SEC_INH_ADMIN=true,SEC_INH_EDITOR=true,SEC_INH_VIEWER=true,SEC_ALL_ADMIN=false,SEC_ALL_EDITOR=false,SEC_ALL_VIEWER=false
]
2019-02-21 05:52:25.947 DEBUG content 5643 _a-0000e21d-e06a-8000-7d53-01ef9001ef90_32222 Processing reference: ContentRole[name=readers,inherit=true,allowForAll=false]
2019-02-21 05:52:25.947 DEBUG content 5643 _a-0000e21d-e06a-8000-7d53-01ef9001ef90_32222 Processing reference: ContentRole[name=authors,inherit=true,allowForAll=false]
2019-02-21 05:52:25.947 DEBUG content 5643 _a-0000e21d-e06a-8000-7d53-01ef9001ef90_32222 Processing reference: ContentRole[name=administrators,inherit=true,allowForAll=false]
2019-02-21 05:52:25.947 DEBUG content 5643 _a-0000e21d-e06a-8000-7d53-01ef9001ef90_32222 Processing reference: ContentRole[name=denyReaders,inherit=false,allowForAll=false]
2019-02-21 05:52:25.947 DEBUG content 5643 _a-0000e21d-e06a-8000-7d53-01ef9001ef90_32222 Processing reference: ContentRole[name=denyAuthors,inherit=false,allowForAll=false]
2019-02-21 05:52:25.947 DEBUG content 5643 _a-0000e21d-e06a-8000-7d53-01ef9001ef90_32222 Processing reference: ContentRole[name=denyAdministrators,inherit=false,allowForAll=false]
2019-02-21 05:52:25.947 DEBUG content 5643 _a-0000e21d-e06a-8000-7d53-01ef9001ef90_32222 Completing produce.
2019-02-21 05:52:25.947 DEBUG content 5643 _a-0000e21d-e06a-8000-7d53-01ef9001ef90_32222 Exporting binary resources.
2019-02-21 05:52:25.947 DEBUG content 5643 _a-0000e21d-e06a-8000-7d53-01ef9001ef90_32222 Serializing object to XML.
2019-02-21 05:52:25.948 DEBUG content 5643 _a-0000e21d-e06a-8000-7d53-01ef9001ef90_32222 Object transported.
2019-02-21 05:52:25.948 DEBUG content 5652 _a-0000e21d-e06a-8000-7d53-01ef9001ef90_32304 Begin transport.
2019-02-21 05:52:25.948 DEBUG content 5652 _a-0000e21d-e06a-8000-7d53-01ef9001ef90_32304 Retrieving object data.
2019-02-21 05:52:25.955 DEBUG content 5652 _a-0000e21d-e06a-8000-7d53-01ef9001ef90_32304 Setting uuids of object references.
2019-02-21 05:52:25.955 DEBUG content 5652 _a-0000e21d-e06a-8000-7d53-01ef9001ef90_32304 Processing reference: [Content:id=5652,versionId=-1,name=TMS_Test,type=32,subtype=0,uuid=_a-0000e21d-e06a-8000-7d53-01ef9001ef90_32304,parent=5637]
2019-02-21 05:52:25.955 DEBUG content 5652 _a-0000e21d-e06a-8000-7d53-01ef9001ef90_32304 Processing reference: Constant.forum
2019-02-21 05:52:25.955 DEBUG content 5652 _a-0000e21d-e06a-8000-7d53-01ef9001ef90_32304 Processing reference: Constant.parent
2019-02-21 05:52:25.958 DEBUG content 5652 _a-0000e21d-e06a-8000-7d53-01ef9001ef90_32304 Processing reference: com.appiancorp.suiteapi.content.ContentRoleMap@11e66dcf[
  ContentRole[name=readers,inherit=true,allowForAll=false]
  ContentRole[name=authors,inherit=true,allowForAll=false]
  ContentRole[name=administrators,inherit=true,allowForAll=false]
  ContentRole[name=denyReaders,inherit=false,allowForAll=false]
  ContentRole[name=denyAuthors,inherit=false,allowForAll=false]
  ContentRole[name=denyAdministrators,inherit=false,allowForAll=false]
  securityVector=15:SEC_PUBLIC=true,SEC_CREATOR_ADMIN=false,SEC_INH_ADMIN=true,SEC_INH_EDITOR=true,SEC_INH_VIEWER=true,SEC_ALL_ADMIN=false,SEC_ALL_EDITOR=false,SEC_ALL_VIEWER=false
]
2019-02-21 05:52:25.958 DEBUG content 5652 _a-0000e21d-e06a-8000-7d53-01ef9001ef90_32304 Processing reference: ContentRole[name=readers,inherit=true,allowForAll=false]
2019-02-21 05:52:25.958 DEBUG content 5652 _a-0000e21d-e06a-8000-7d53-01ef9001ef90_32304 Processing reference: ContentRole[name=authors,inherit=true,allowForAll=false]
2019-02-21 05:52:25.958 DEBUG content 5652 _a-0000e21d-e06a-8000-7d53-01ef9001ef90_32304 Processing reference: ContentRole[name=administrators,inherit=true,allowForAll=false]
2019-02-21 05:52:25.958 DEBUG content 5652 _a-0000e21d-e06a-8000-7d53-01ef9001ef90_32304 Processing reference: ContentRole[name=denyReaders,inherit=false,allowForAll=false]
2019-02-21 05:52:25.958 DEBUG content 5652 _a-0000e21d-e06a-8000-7d53-01ef9001ef90_32304 Processing reference: ContentRole[name=denyAuthors,inherit=false,allowForAll=false]
2019-02-21 05:52:25.958 DEBUG content 5652 _a-0000e21d-e06a-8000-7d53-01ef9001ef90_32304 Processing reference: ContentRole[name=denyAdministrators,inherit=false,allowForAll=false]
2019-02-21 05:52:25.958 DEBUG content 5652 _a-0000e21d-e06a-8000-7d53-01ef9001ef90_32304 Completing produce.
2019-02-21 05:52:25.958 DEBUG content 5652 _a-0000e21d-e06a-8000-7d53-01ef9001ef90_32304 Exporting binary resources.
2019-02-21 05:52:25.958 DEBUG content 5652 _a-0000e21d-e06a-8000-7d53-01ef9001ef90_32304 Serializing object to XML.
2019-02-21 05:52:25.959 DEBUG content 5652 _a-0000e21d-e06a-8000-7d53-01ef9001ef90_32304 Object transported.
2019-02-21 05:52:25.961 DEBUG processModelFolder 5 _g-0000e21d-e06a-8000-7d4f-014d98014d98_16 Begin transport.
2019-02-21 05:52:25.961 DEBUG processModelFolder 5 _g-0000e21d-e06a-8000-7d4f-014d98014d98_16 Retrieving object data.
2019-02-21 05:52:25.963 DEBUG processModelFolder 5 _g-0000e21d-e06a-8000-7d4f-014d98014d98_16 Setting uuids of object references.
2019-02-21 05:52:25.963 DEBUG processModelFolder 5 _g-0000e21d-e06a-8000-7d4f-014d98014d98_16 Processing reference: ProcessModelFolder.parentFolderId
2019-02-21 05:52:25.964 DEBUG processModelFolder 5 _g-0000e21d-e06a-8000-7d4f-014d98014d98_16 Processing reference: com.appiancorp.suiteapi.process.ProcessRoleMap@7b9b752[
  Role[name=ADMIN_OWNER]
  Role[name=EDITOR]
  Role[name=EXPLICIT_NONMEMBER]
  Role[name=VIEWER]
  Role[name=MANAGER]
  Role[name=INITIATOR]
]
2019-02-21 05:52:25.964 DEBUG processModelFolder 5 _g-0000e21d-e06a-8000-7d4f-014d98014d98_16 Processing reference: Role[name=ADMIN_OWNER]
2019-02-21 05:52:25.964 DEBUG processModelFolder 5 _g-0000e21d-e06a-8000-7d4f-014d98014d98_16 Processing reference: Role[name=EDITOR]
2019-02-21 05:52:25.964 DEBUG processModelFolder 5 _g-0000e21d-e06a-8000-7d4f-014d98014d98_16 Processing reference: Role[name=EXPLICIT_NONMEMBER]
2019-02-21 05:52:25.964 DEBUG processModelFolder 5 _g-0000e21d-e06a-8000-7d4f-014d98014d98_16 Processing reference: Role[name=VIEWER]
2019-02-21 05:52:25.964 DEBUG processModelFolder 5 _g-0000e21d-e06a-8000-7d4f-014d98014d98_16 Processing reference: Role[name=MANAGER]
2019-02-21 05:52:25.964 DEBUG processModelFolder 5 _g-0000e21d-e06a-8000-7d4f-014d98014d98_16 Processing reference: Role[name=INITIATOR]
2019-02-21 05:52:25.964 DEBUG processModelFolder 5 _g-0000e21d-e06a-8000-7d4f-014d98014d98_16 Completing produce.
2019-02-21 05:52:25.964 DEBUG processModelFolder 5 _g-0000e21d-e06a-8000-7d4f-014d98014d98_16 Exporting binary resources.
2019-02-21 05:52:25.964 DEBUG processModelFolder 5 _g-0000e21d-e06a-8000-7d4f-014d98014d98_16 Serializing object to XML.
2019-02-21 05:52:25.964 DEBUG processModelFolder 5 _g-0000e21d-e06a-8000-7d4f-014d98014d98_16 Object transported.
2019-02-21 05:52:25.965 DEBUG processModel 440 0002e22b-0439-8000-7d4f-014d98014d98 Begin transport.
2019-02-21 05:52:25.965 DEBUG processModel 440 0002e22b-0439-8000-7d4f-014d98014d98 Retrieving object data.
2019-02-21 05:52:26.006 DEBUG processModel 440 0002e22b-0439-8000-7d4f-014d98014d98 Setting uuids of object references.
2019-02-21 05:52:26.006 DEBUG processModel 440 0002e22b-0439-8000-7d4f-014d98014d98 Processing reference: ProcessModelHaul.folderId
2019-02-21 05:52:26.007 DEBUG processModel 440 0002e22b-0439-8000-7d4f-014d98014d98 Processing reference: ProcessModelHaul.modelDashboardPageId
2019-02-21 05:52:26.007 DEBUG processModel 440 0002e22b-0439-8000-7d4f-014d98014d98 Processing reference: ProcessModelHaul.processDashboardPageId
2019-02-21 05:52:26.007 DEBUG processModel 440 0002e22b-0439-8000-7d4f-014d98014d98 Processing reference: ProcessModel.emailAttachmentFolderId
2019-02-21 05:52:26.008 DEBUG processModel 440 0002e22b-0439-8000-7d4f-014d98014d98 Processing reference: InternalForm.docId
2019-02-21 05:52:26.008 DEBUG processModel 440 0002e22b-0439-8000-7d4f-014d98014d98 Processing reference: ActivityClassParameter[name=pmID,it=23,v=<null>]
2019-02-21 05:52:26.008 DEBUG processModel 440 0002e22b-0439-8000-7d4f-014d98014d98 Processing reference: ActivityClassParameter[name=inMap,it=111,v={}]
2019-02-21 05:52:26.008 DEBUG processModel 440 0002e22b-0439-8000-7d4f-014d98014d98 Processing reference: ActivityClassParameter[name=procInheritsPriority,it=1,v=1]
2019-02-21 05:52:26.008 DEBUG processModel 440 0002e22b-0439-8000-7d4f-014d98014d98 Processing reference: ActivityClassParameter[name=pmUUID,it=3,v=]
2019-02-21 05:52:26.008 DEBUG processModel 440 0002e22b-0439-8000-7d4f-014d98014d98 Processing reference: ActivityClassParameter[name=isAsynchronous,it=26,v=1]
2019-02-21 05:52:26.008 DEBUG processModel 440 0002e22b-0439-8000-7d4f-014d98014d98 Processing reference: ActivityClassParameter[name=isTransparent,it=26,v=1]
2019-02-21 05:52:26.008 DEBUG processModel 440 0002e22b-0439-8000-7d4f-014d98014d98 Processing reference: ActivityClassParameter[name=inheritSecurity,it=26,v=0]
2019-02-21 05:52:26.009 DEBUG processModel 440 0002e22b-0439-8000-7d4f-014d98014d98 Processing reference: com.appiancorp.suiteapi.process.ProcessRoleMap@252d50cf[
  Role[name=ADMIN_OWNER]
  Role[name=EDITOR]
  Role[name=EXPLICIT_NONMEMBER]
  Role[name=VIEWER]
  Role[name=MANAGER]
  Role[name=INITIATOR]
]
2019-02-21 05:52:26.009 DEBUG processModel 440 0002e22b-0439-8000-7d4f-014d98014d98 Processing reference: Role[name=ADMIN_OWNER]
2019-02-21 05:52:26.009 DEBUG processModel 440 0002e22b-0439-8000-7d4f-014d98014d98 Processing reference: Role[name=EDITOR]
2019-02-21 05:52:26.009 DEBUG processModel 440 0002e22b-0439-8000-7d4f-014d98014d98 Processing reference: Role[name=EXPLICIT_NONMEMBER]
2019-02-21 05:52:26.009 DEBUG processModel 440 0002e22b-0439-8000-7d4f-014d98014d98 Processing reference: Role[name=VIEWER]
2019-02-21 05:52:26.009 DEBUG processModel 440 0002e22b-0439-8000-7d4f-014d98014d98 Processing reference: Role[name=MANAGER]
2019-02-21 05:52:26.009 DEBUG processModel 440 0002e22b-0439-8000-7d4f-014d98014d98 Processing reference: Role[name=INITIATOR]
2019-02-21 05:52:26.011 DEBUG processModel 440 0002e22b-0439-8000-7d4f-014d98014d98 Completing produce.
2019-02-21 05:52:26.011 DEBUG processModel 440 0002e22b-0439-8000-7d4f-014d98014d98 Exporting binary resources.
2019-02-21 05:52:26.011 DEBUG processModel 440 0002e22b-0439-8000-7d4f-014d98014d98 Serializing object to XML.
2019-02-21 05:52:26.015 DEBUG processModel 440 0002e22b-0439-8000-7d4f-014d98014d98 Object transported.
2019-02-21 05:52:26.018 DEBUG site 2 3e063723-fc4a-47c0-ac90-75933c7e43ec Begin transport.
2019-02-21 05:52:26.018 DEBUG site 2 3e063723-fc4a-47c0-ac90-75933c7e43ec Retrieving object data.
2019-02-21 05:52:26.022 DEBUG site 2 3e063723-fc4a-47c0-ac90-75933c7e43ec Setting uuids of object references.
2019-02-21 05:52:26.022 DEBUG site 2 3e063723-fc4a-47c0-ac90-75933c7e43ec Processing reference: SiteTemplate.accentColorExpr
2019-02-21 05:52:26.022 DEBUG site 2 3e063723-fc4a-47c0-ac90-75933c7e43ec Processing reference: SiteTemplate.faviconExpr
2019-02-21 05:52:26.022 DEBUG site 2 3e063723-fc4a-47c0-ac90-75933c7e43ec Processing reference: SiteTemplate.faviconRef
2019-02-21 05:52:26.022 DEBUG site 2 3e063723-fc4a-47c0-ac90-75933c7e43ec Processing reference: SiteTemplate.headerBackgroundColorExpr
2019-02-21 05:52:26.022 DEBUG site 2 3e063723-fc4a-47c0-ac90-75933c7e43ec Processing reference: SiteTemplate.logoExpr
2019-02-21 05:52:26.022 DEBUG site 2 3e063723-fc4a-47c0-ac90-75933c7e43ec Processing reference: SiteTemplate.logoRef
2019-02-21 05:52:26.022 DEBUG site 2 3e063723-fc4a-47c0-ac90-75933c7e43ec Processing reference: SitePage.uiObject
2019-02-21 05:52:26.024 DEBUG site 2 3e063723-fc4a-47c0-ac90-75933c7e43ec Processing reference: SitePage.visibilityExpr
2019-02-21 05:52:26.025 DEBUG site 2 3e063723-fc4a-47c0-ac90-75933c7e43ec Processing reference: SiteTemplate.selectedTabBackgroundColorExpr
2019-02-21 05:52:26.025 DEBUG site 2 3e063723-fc4a-47c0-ac90-75933c7e43ec Processing reference: SiteTemplate.tempoLinkViewerRefsFromUuids
2019-02-21 05:52:26.025 DEBUG site 2 3e063723-fc4a-47c0-ac90-75933c7e43ec Completing produce.
2019-02-21 05:52:26.025 DEBUG site 2 3e063723-fc4a-47c0-ac90-75933c7e43ec Exporting binary resources.
2019-02-21 05:52:26.025 DEBUG site 2 3e063723-fc4a-47c0-ac90-75933c7e43ec Serializing object to XML.
2019-02-21 05:52:26.027 DEBUG site 2 3e063723-fc4a-47c0-ac90-75933c7e43ec Object transported.
2019-02-21 05:52:26.027 DEBUG application 5616 _a-0000e21d-e06a-8000-7d53-01ef9001ef90_32066 Completing produce.
2019-02-21 05:52:26.027 DEBUG application 5616 _a-0000e21d-e06a-8000-7d53-01ef9001ef90_32066 Exporting binary resources.
2019-02-21 05:52:26.027 DEBUG application 5616 _a-0000e21d-e06a-8000-7d53-01ef9001ef90_32066 Serializing object to XML.
2019-02-21 05:52:26.028 DEBUG application 5616 _a-0000e21d-e06a-8000-7d53-01ef9001ef90_32066 Object transported.
